21:03:40  INFO      Output dir : /home/changhong/prj/finn_cli_fork/scripts/TMD/runs/20260226_210340
21:03:40  INFO      Device     : cuda
21:03:40  INFO      ━━━  [1/5] Parsing dataset  ━━━
21:03:41  INFO        parsed train.dat  →  738442 samples
21:03:42  INFO        parsed test.dat  →  316472 samples
21:03:42  INFO        done in 1.2 s
21:03:42  INFO        classes (6): ['0', '1', '2', '3', '4', '5']
21:03:42  INFO      ━━━  [2/5] Sliding windows  ━━━
21:03:42  INFO        train 10383  |  val 1154  |  test 2472
21:03:42  INFO      ━━━  [3/5] Normalising  ━━━
21:03:42  INFO        means: [1.0288 7.7164 0.3888]
21:03:42  INFO        stds : [6.6657 6.7636 4.9368]
21:03:42  INFO        class weights: [0.549 0.428 1.465 1.786 2.994 3.754]
21:03:42  INFO      ━━━  [4/5] Building model  ━━━
21:03:42  INFO        trainable parameters: 44523
21:03:42  INFO      ━━━  [5/5] Training  ━━━
21:03:42  INFO        Ep    TrLoss    TrAcc    VaLoss    VaAcc         LR  Time
21:03:42  INFO      ───────────────────────────────────────────────────────────
21:03:43  INFO         1    1.5274   0.3628    1.3048   0.4532   4.00e-04  1.6s
21:03:44  INFO        ↳ best val-loss 1.3048  →  saved best.pt
21:03:44  INFO         2    1.0290   0.5791    0.8379   0.6802   6.00e-04  0.8s
21:03:44  INFO        ↳ best val-loss 0.8379  →  saved best.pt
21:03:45  INFO         3    0.6523   0.7763    0.5368   0.8120   8.00e-04  0.8s
21:03:45  INFO        ↳ best val-loss 0.5368  →  saved best.pt
21:03:46  INFO         4    0.4268   0.8637    0.3394   0.8943   1.00e-03  0.8s
21:03:46  INFO        ↳ best val-loss 0.3394  →  saved best.pt
21:03:47  INFO         5    0.2643   0.9263    0.2118   0.9324   1.00e-03  0.9s
21:03:47  INFO        ↳ best val-loss 0.2118  →  saved best.pt
21:03:48  INFO         6    0.1918   0.9460    0.2030   0.9220   9.99e-04  0.8s
21:03:48  INFO        ↳ best val-loss 0.2030  →  saved best.pt
21:03:49  INFO         7    0.1658   0.9538    0.1695   0.9601   9.97e-04  0.8s
21:03:49  INFO        ↳ best val-loss 0.1695  →  saved best.pt
21:03:49  INFO         8    0.1418   0.9628    0.1768   0.9307   9.93e-04  0.7s
21:03:50  INFO         9    0.1261   0.9633    0.2265   0.9541   9.87e-04  0.8s
21:03:51  INFO        10    0.1141   0.9686    0.1944   0.9558   9.80e-04  0.8s
21:03:52  INFO        11    0.0987   0.9742    0.1406   0.9497   9.71e-04  0.7s
21:03:52  INFO        ↳ best val-loss 0.1406  →  saved best.pt
21:03:52  INFO        12    0.0900   0.9777    0.1062   0.9697   9.61e-04  0.7s
21:03:52  INFO        ↳ best val-loss 0.1062  →  saved best.pt
21:03:53  INFO        13    0.0783   0.9809    0.1203   0.9532   9.49e-04  0.7s
21:03:54  INFO        14    0.0768   0.9804    0.0897   0.9723   9.35e-04  0.7s
21:03:54  INFO        ↳ best val-loss 0.0897  →  saved best.pt
21:03:54  INFO        15    0.0660   0.9838    0.1762   0.9575   9.21e-04  0.7s
21:03:55  INFO        16    0.0697   0.9814    0.1096   0.9723   9.05e-04  0.7s
21:03:56  INFO        17    0.0604   0.9843    0.0818   0.9723   8.87e-04  0.8s
21:03:56  INFO        ↳ best val-loss 0.0818  →  saved best.pt
21:03:57  INFO        18    0.0573   0.9858    0.1235   0.9714   8.68e-04  0.7s
21:03:57  INFO        19    0.0540   0.9866    0.0972   0.9723   8.48e-04  0.7s
21:03:58  INFO        20    0.0616   0.9841    0.1113   0.9714   8.27e-04  0.7s
21:03:59  INFO        21    0.0540   0.9864    0.1038   0.9731   8.05e-04  0.7s
21:03:59  INFO        22    0.0397   0.9914    0.1182   0.9705   7.82e-04  0.7s
21:04:00  INFO        23    0.0400   0.9904    0.0911   0.9740   7.58e-04  0.7s
21:04:01  INFO        24    0.0360   0.9909    0.0798   0.9792   7.33e-04  0.7s
21:04:01  INFO        ↳ best val-loss 0.0798  →  saved best.pt
21:04:02  INFO        25    0.0356   0.9921    0.0889   0.9801   7.08e-04  0.6s
21:04:02  INFO        26    0.0340   0.9922    0.1166   0.9636   6.81e-04  0.7s
21:04:03  INFO        27    0.0465   0.9898    0.1151   0.9766   6.55e-04  0.7s
21:04:04  INFO        28    0.0335   0.9923    0.0903   0.9792   6.27e-04  0.7s
21:04:04  INFO        29    0.0375   0.9907    0.0912   0.9775   5.99e-04  0.7s
21:04:05  INFO        30    0.0370   0.9909    0.0825   0.9766   5.71e-04  0.7s
21:04:06  INFO        31    0.0275   0.9937    0.0863   0.9801   5.43e-04  0.7s
21:04:06  INFO        32    0.0256   0.9942    0.0881   0.9835   5.14e-04  0.6s
21:04:07  INFO        33    0.0217   0.9957    0.0793   0.9801   4.86e-04  0.7s
21:04:07  INFO        ↳ best val-loss 0.0793  →  saved best.pt
21:04:08  INFO        34    0.0227   0.9944    0.1081   0.9740   4.57e-04  0.7s
21:04:08  INFO        35    0.0230   0.9950    0.0917   0.9783   4.29e-04  0.7s
21:04:09  INFO        36    0.0194   0.9960    0.1078   0.9645   4.01e-04  0.7s
21:04:10  INFO        37    0.0229   0.9942    0.0981   0.9749   3.73e-04  0.6s
21:04:10  INFO        38    0.0203   0.9953    0.0823   0.9801   3.45e-04  0.7s
21:04:11  INFO        39    0.0178   0.9961    0.0819   0.9801   3.19e-04  0.7s
21:04:12  INFO        40    0.0161   0.9968    0.0773   0.9792   2.92e-04  0.7s
21:04:12  INFO        ↳ best val-loss 0.0773  →  saved best.pt
21:04:13  INFO        41    0.0162   0.9968    0.0854   0.9783   2.67e-04  0.7s
21:04:13  INFO        42    0.0197   0.9961    0.0755   0.9844   2.42e-04  0.7s
21:04:13  INFO        ↳ best val-loss 0.0755  →  saved best.pt
21:04:14  INFO        43    0.0164   0.9974    0.1244   0.9766   2.18e-04  0.7s
21:04:15  INFO        44    0.0136   0.9974    0.0937   0.9792   1.95e-04  0.7s
21:04:15  INFO        45    0.0145   0.9973    0.0899   0.9688   1.73e-04  0.7s
21:04:16  INFO        46    0.0155   0.9973    0.0865   0.9827   1.52e-04  0.6s
21:04:17  INFO        47    0.0143   0.9977    0.1003   0.9809   1.32e-04  0.7s
21:04:17  INFO        48    0.0135   0.9980    0.0794   0.9835   1.13e-04  0.8s
21:04:18  INFO        49    0.0116   0.9989    0.0887   0.9809   9.55e-05  0.7s
21:04:19  INFO        50    0.0117   0.9986    0.0857   0.9818   7.94e-05  0.7s
21:04:20  INFO        51    0.0113   0.9984    0.0861   0.9801   6.46e-05  0.7s
21:04:20  INFO        52    0.0108   0.9980    0.0876   0.9818   5.13e-05  0.7s
21:04:20  INFO        Early stopping triggered at epoch 52
21:04:20  INFO      ━━━  Final evaluation on test set  ━━━
21:04:21  INFO        Test Loss : 1.2451
21:04:21  INFO        Test Acc  : 0.8074
21:04:21  INFO      
Classification report:
              precision    recall  f1-score   support

           0     0.9182    0.9452    0.9315       748
           1     0.9843    0.7150    0.8283       965
           2     0.5683    0.6439    0.6037       278
           3     0.4690    0.8681    0.6090       235
           4     0.9280    0.8406    0.8821       138
           5     0.7937    0.9259    0.8547       108

    accuracy                         0.8074      2472
   macro avg     0.7769    0.8231    0.7849      2472
weighted avg     0.8570    0.8074    0.8176      2472

21:04:21  INFO        Confusion matrix → /home/changhong/prj/finn_cli_fork/scripts/TMD/runs/20260226_210340/confusion_matrix.png
21:04:21  INFO      ━━━  Exporting to QONNX  ━━━
21:04:21  INFO        QONNX model saved → /home/changhong/prj/finn_cli_fork/scripts/TMD/runs/20260226_210340/tmd_4bit.onnx
21:04:21  INFO      All artefacts saved in:  /home/changhong/prj/finn_cli_fork/scripts/TMD/runs/20260226_210340
